<?xml version="1.0" encoding="UTF-8"?>
<testsuite xmlns:xsi="http://www.w3.org/2001/XMLSchema-instance" xsi:noNamespaceSchemaLocation="https://maven.apache.org/surefire/maven-surefire-plugin/xsd/surefire-test-report.xsd" name="com.moonmagician.reloads.ReloadsApplicationTests" time="7.651" tests="2" errors="0" skipped="0" failures="0">
  <properties>
    <property name="sun.desktop" value="windows"/>
    <property name="awt.toolkit" value="sun.awt.windows.WToolkit"/>
    <property name="file.encoding.pkg" value="sun.io"/>
    <property name="java.specification.version" value="1.8"/>
    <property name="sun.cpu.isalist" value="amd64"/>
    <property name="sun.jnu.encoding" value="GBK"/>
    <property name="java.class.path" value="C:\Users\HP\Desktop\reloads\target\test-classes;C:\Users\HP\Desktop\reloads\target\classes;E:\maven\repository\com\alibaba\druid\1.1.22\druid-1.1.22.jar;E:\maven\repository\com\alibaba\fastjson\1.2.62\fastjson-1.2.62.jar;E:\maven\repository\mysql\mysql-connector-java\8.0.21\mysql-connector-java-8.0.21.jar;E:\maven\repository\org\slf4j\slf4j-api\1.7.30\slf4j-api-1.7.30.jar;E:\maven\repository\org\quartz-scheduler\quartz\2.3.2\quartz-2.3.2.jar;E:\maven\repository\com\mchange\mchange-commons-java\0.2.15\mchange-commons-java-0.2.15.jar;E:\maven\repository\com\baomidou\mybatis-plus-boot-starter\3.1.2\mybatis-plus-boot-starter-3.1.2.jar;E:\maven\repository\com\baomidou\mybatis-plus\3.1.2\mybatis-plus-3.1.2.jar;E:\maven\repository\org\springframework\boot\spring-boot-starter-jdbc\2.3.3.RELEASE\spring-boot-starter-jdbc-2.3.3.RELEASE.jar;E:\maven\repository\com\zaxxer\HikariCP\3.4.5\HikariCP-3.4.5.jar;E:\maven\repository\org\springframework\spring-jdbc\5.2.8.RELEASE\spring-jdbc-5.2.8.RELEASE.jar;E:\maven\repository\org\springframework\spring-tx\5.2.8.RELEASE\spring-tx-5.2.8.RELEASE.jar;E:\maven\repository\org\projectlombok\lombok\1.18.12\lombok-1.18.12.jar;E:\maven\repository\com\baomidou\mybatis-plus-generator\3.1.2\mybatis-plus-generator-3.1.2.jar;E:\maven\repository\com\baomidou\mybatis-plus-extension\3.1.2\mybatis-plus-extension-3.1.2.jar;E:\maven\repository\com\baomidou\mybatis-plus-core\3.1.2\mybatis-plus-core-3.1.2.jar;E:\maven\repository\com\baomidou\mybatis-plus-annotation\3.1.2\mybatis-plus-annotation-3.1.2.jar;E:\maven\repository\com\github\jsqlparser\jsqlparser\1.2\jsqlparser-1.2.jar;E:\maven\repository\org\mybatis\mybatis\3.5.1\mybatis-3.5.1.jar;E:\maven\repository\org\mybatis\mybatis-spring\2.0.1\mybatis-spring-2.0.1.jar;E:\maven\repository\org\freemarker\freemarker\2.3.30\freemarker-2.3.30.jar;E:\maven\repository\org\webjars\jquery\3.5.1\jquery-3.5.1.jar;E:\maven\repository\org\springframework\boot\spring-boot-starter-thymeleaf\2.3.3.RELEASE\spring-boot-starter-thymeleaf-2.3.3.RELEASE.jar;E:\maven\repository\org\springframework\boot\spring-boot-starter\2.3.3.RELEASE\spring-boot-starter-2.3.3.RELEASE.jar;E:\maven\repository\org\springframework\boot\spring-boot-starter-logging\2.3.3.RELEASE\spring-boot-starter-logging-2.3.3.RELEASE.jar;E:\maven\repository\ch\qos\logback\logback-classic\1.2.3\logback-classic-1.2.3.jar;E:\maven\repository\ch\qos\logback\logback-core\1.2.3\logback-core-1.2.3.jar;E:\maven\repository\org\apache\logging\log4j\log4j-to-slf4j\2.13.3\log4j-to-slf4j-2.13.3.jar;E:\maven\repository\org\apache\logging\log4j\log4j-api\2.13.3\log4j-api-2.13.3.jar;E:\maven\repository\org\slf4j\jul-to-slf4j\1.7.30\jul-to-slf4j-1.7.30.jar;E:\maven\repository\jakarta\annotation\jakarta.annotation-api\1.3.5\jakarta.annotation-api-1.3.5.jar;E:\maven\repository\org\yaml\snakeyaml\1.26\snakeyaml-1.26.jar;E:\maven\repository\org\thymeleaf\thymeleaf-spring5\3.0.11.RELEASE\thymeleaf-spring5-3.0.11.RELEASE.jar;E:\maven\repository\org\thymeleaf\thymeleaf\3.0.11.RELEASE\thymeleaf-3.0.11.RELEASE.jar;E:\maven\repository\org\attoparser\attoparser\2.0.5.RELEASE\attoparser-2.0.5.RELEASE.jar;E:\maven\repository\org\unbescape\unbescape\1.1.6.RELEASE\unbescape-1.1.6.RELEASE.jar;E:\maven\repository\org\thymeleaf\extras\thymeleaf-extras-java8time\3.0.4.RELEASE\thymeleaf-extras-java8time-3.0.4.RELEASE.jar;E:\maven\repository\org\apache\shiro\shiro-core\1.3.2\shiro-core-1.3.2.jar;E:\maven\repository\commons-beanutils\commons-beanutils\1.8.3\commons-beanutils-1.8.3.jar;E:\maven\repository\org\apache\shiro\shiro-spring\1.3.2\shiro-spring-1.3.2.jar;E:\maven\repository\org\apache\shiro\shiro-web\1.3.2\shiro-web-1.3.2.jar;E:\maven\repository\org\crazycake\shiro-redis\3.2.3\shiro-redis-3.2.3.jar;E:\maven\repository\redis\clients\jedis\3.3.0\jedis-3.3.0.jar;E:\maven\repository\org\apache\commons\commons-pool2\2.8.1\commons-pool2-2.8.1.jar;E:\maven\repository\io\springfox\springfox-swagger2\2.9.2\springfox-swagger2-2.9.2.jar;E:\maven\repository\io\swagger\swagger-annotations\1.5.20\swagger-annotations-1.5.20.jar;E:\maven\repository\io\swagger\swagger-models\1.5.20\swagger-models-1.5.20.jar;E:\maven\repository\com\fasterxml\jackson\core\jackson-annotations\2.11.2\jackson-annotations-2.11.2.jar;E:\maven\repository\io\springfox\springfox-spi\2.9.2\springfox-spi-2.9.2.jar;E:\maven\repository\io\springfox\springfox-core\2.9.2\springfox-core-2.9.2.jar;E:\maven\repository\io\springfox\springfox-schema\2.9.2\springfox-schema-2.9.2.jar;E:\maven\repository\io\springfox\springfox-swagger-common\2.9.2\springfox-swagger-common-2.9.2.jar;E:\maven\repository\io\springfox\springfox-spring-web\2.9.2\springfox-spring-web-2.9.2.jar;E:\maven\repository\com\google\guava\guava\20.0\guava-20.0.jar;E:\maven\repository\com\fasterxml\classmate\1.5.1\classmate-1.5.1.jar;E:\maven\repository\org\springframework\plugin\spring-plugin-core\1.2.0.RELEASE\spring-plugin-core-1.2.0.RELEASE.jar;E:\maven\repository\org\springframework\spring-beans\5.2.8.RELEASE\spring-beans-5.2.8.RELEASE.jar;E:\maven\repository\org\springframework\spring-context\5.2.8.RELEASE\spring-context-5.2.8.RELEASE.jar;E:\maven\repository\org\springframework\spring-aop\5.2.8.RELEASE\spring-aop-5.2.8.RELEASE.jar;E:\maven\repository\org\springframework\plugin\spring-plugin-metadata\1.2.0.RELEASE\spring-plugin-metadata-1.2.0.RELEASE.jar;E:\maven\repository\org\mapstruct\mapstruct\1.2.0.Final\mapstruct-1.2.0.Final.jar;E:\maven\repository\io\springfox\springfox-swagger-ui\2.9.2\springfox-swagger-ui-2.9.2.jar;E:\maven\repository\org\springframework\boot\spring-boot-starter-web\2.3.3.RELEASE\spring-boot-starter-web-2.3.3.RELEASE.jar;E:\maven\repository\org\springframework\boot\spring-boot-starter-json\2.3.3.RELEASE\spring-boot-starter-json-2.3.3.RELEASE.jar;E:\maven\repository\com\fasterxml\jackson\core\jackson-databind\2.11.2\jackson-databind-2.11.2.jar;E:\maven\repository\com\fasterxml\jackson\core\jackson-core\2.11.2\jackson-core-2.11.2.jar;E:\maven\repository\com\fasterxml\jackson\datatype\jackson-datatype-jdk8\2.11.2\jackson-datatype-jdk8-2.11.2.jar;E:\maven\repository\com\fasterxml\jackson\datatype\jackson-datatype-jsr310\2.11.2\jackson-datatype-jsr310-2.11.2.jar;E:\maven\repository\com\fasterxml\jackson\module\jackson-module-parameter-names\2.11.2\jackson-module-parameter-names-2.11.2.jar;E:\maven\repository\org\springframework\boot\spring-boot-starter-tomcat\2.3.3.RELEASE\spring-boot-starter-tomcat-2.3.3.RELEASE.jar;E:\maven\repository\org\apache\tomcat\embed\tomcat-embed-core\9.0.37\tomcat-embed-core-9.0.37.jar;E:\maven\repository\org\glassfish\jakarta.el\3.0.3\jakarta.el-3.0.3.jar;E:\maven\repository\org\apache\tomcat\embed\tomcat-embed-websocket\9.0.37\tomcat-embed-websocket-9.0.37.jar;E:\maven\repository\org\springframework\spring-web\5.2.8.RELEASE\spring-web-5.2.8.RELEASE.jar;E:\maven\repository\org\springframework\spring-webmvc\5.2.8.RELEASE\spring-webmvc-5.2.8.RELEASE.jar;E:\maven\repository\org\springframework\spring-expression\5.2.8.RELEASE\spring-expression-5.2.8.RELEASE.jar;E:\maven\repository\org\springframework\boot\spring-boot-starter-test\2.3.3.RELEASE\spring-boot-starter-test-2.3.3.RELEASE.jar;E:\maven\repository\org\springframework\boot\spring-boot-test\2.3.3.RELEASE\spring-boot-test-2.3.3.RELEASE.jar;E:\maven\repository\org\springframework\boot\spring-boot-test-autoconfigure\2.3.3.RELEASE\spring-boot-test-autoconfigure-2.3.3.RELEASE.jar;E:\maven\repository\com\jayway\jsonpath\json-path\2.4.0\json-path-2.4.0.jar;E:\maven\repository\net\minidev\json-smart\2.3\json-smart-2.3.jar;E:\maven\repository\net\minidev\accessors-smart\1.2\accessors-smart-1.2.jar;E:\maven\repository\org\ow2\asm\asm\5.0.4\asm-5.0.4.jar;E:\maven\repository\jakarta\xml\bind\jakarta.xml.bind-api\2.3.3\jakarta.xml.bind-api-2.3.3.jar;E:\maven\repository\jakarta\activation\jakarta.activation-api\1.2.2\jakarta.activation-api-1.2.2.jar;E:\maven\repository\org\assertj\assertj-core\3.16.1\assertj-core-3.16.1.jar;E:\maven\repository\org\hamcrest\hamcrest\2.2\hamcrest-2.2.jar;E:\maven\repository\org\junit\jupiter\junit-jupiter\5.6.2\junit-jupiter-5.6.2.jar;E:\maven\repository\org\junit\jupiter\junit-jupiter-api\5.6.2\junit-jupiter-api-5.6.2.jar;E:\maven\repository\org\apiguardian\apiguardian-api\1.1.0\apiguardian-api-1.1.0.jar;E:\maven\repository\org\opentest4j\opentest4j\1.2.0\opentest4j-1.2.0.jar;E:\maven\repository\org\junit\platform\junit-platform-commons\1.6.2\junit-platform-commons-1.6.2.jar;E:\maven\repository\org\junit\jupiter\junit-jupiter-params\5.6.2\junit-jupiter-params-5.6.2.jar;E:\maven\repository\org\junit\jupiter\junit-jupiter-engine\5.6.2\junit-jupiter-engine-5.6.2.jar;E:\maven\repository\org\junit\platform\junit-platform-engine\1.6.2\junit-platform-engine-1.6.2.jar;E:\maven\repository\org\mockito\mockito-core\3.3.3\mockito-core-3.3.3.jar;E:\maven\repository\net\bytebuddy\byte-buddy\1.10.14\byte-buddy-1.10.14.jar;E:\maven\repository\net\bytebuddy\byte-buddy-agent\1.10.14\byte-buddy-agent-1.10.14.jar;E:\maven\repository\org\objenesis\objenesis\2.6\objenesis-2.6.jar;E:\maven\repository\org\mockito\mockito-junit-jupiter\3.3.3\mockito-junit-jupiter-3.3.3.jar;E:\maven\repository\org\skyscreamer\jsonassert\1.5.0\jsonassert-1.5.0.jar;E:\maven\repository\com\vaadin\external\google\android-json\0.0.20131108.vaadin1\android-json-0.0.20131108.vaadin1.jar;E:\maven\repository\org\springframework\spring-core\5.2.8.RELEASE\spring-core-5.2.8.RELEASE.jar;E:\maven\repository\org\springframework\spring-jcl\5.2.8.RELEASE\spring-jcl-5.2.8.RELEASE.jar;E:\maven\repository\org\springframework\spring-test\5.2.8.RELEASE\spring-test-5.2.8.RELEASE.jar;E:\maven\repository\org\xmlunit\xmlunit-core\2.7.0\xmlunit-core-2.7.0.jar;E:\maven\repository\org\aspectj\aspectjweaver\1.9.5\aspectjweaver-1.9.5.jar;E:\maven\repository\org\springframework\boot\spring-boot-autoconfigure\2.3.1.RELEASE\spring-boot-autoconfigure-2.3.1.RELEASE.jar;E:\maven\repository\org\springframework\boot\spring-boot\2.3.3.RELEASE\spring-boot-2.3.3.RELEASE.jar;E:\maven\repository\io\lettuce\lettuce-core\5.3.3.RELEASE\lettuce-core-5.3.3.RELEASE.jar;E:\maven\repository\io\netty\netty-common\4.1.51.Final\netty-common-4.1.51.Final.jar;E:\maven\repository\io\netty\netty-handler\4.1.51.Final\netty-handler-4.1.51.Final.jar;E:\maven\repository\io\netty\netty-resolver\4.1.51.Final\netty-resolver-4.1.51.Final.jar;E:\maven\repository\io\netty\netty-buffer\4.1.51.Final\netty-buffer-4.1.51.Final.jar;E:\maven\repository\io\netty\netty-codec\4.1.51.Final\netty-codec-4.1.51.Final.jar;E:\maven\repository\io\netty\netty-transport\4.1.51.Final\netty-transport-4.1.51.Final.jar;E:\maven\repository\io\projectreactor\reactor-core\3.3.9.RELEASE\reactor-core-3.3.9.RELEASE.jar;E:\maven\repository\org\reactivestreams\reactive-streams\1.0.3\reactive-streams-1.0.3.jar;"/>
    <property name="java.vm.vendor" value="Oracle Corporation"/>
    <property name="sun.arch.data.model" value="64"/>
    <property name="user.variant" value=""/>
    <property name="java.vendor.url" value="http://java.oracle.com/"/>
    <property name="user.timezone" value="Asia/Shanghai"/>
    <property name="java.vm.specification.version" value="1.8"/>
    <property name="os.name" value="Windows 10"/>
    <property name="user.country" value="CN"/>
    <property name="sun.java.launcher" value="SUN_STANDARD"/>
    <property name="sun.boot.library.path" value="E:\JAVA\jdk1.8\a\jre\bin"/>
    <property name="sun.java.command" value="C:\Users\HP\AppData\Local\Temp\surefire376254043956520946\surefirebooter9060227428102698223.jar C:\Users\HP\AppData\Local\Temp\surefire376254043956520946 2020-10-14T14-47-14_662-jvmRun1 surefire8621519355408576967tmp surefire_07229255475002870389tmp"/>
    <property name="surefire.test.class.path" value="C:\Users\HP\Desktop\reloads\target\test-classes;C:\Users\HP\Desktop\reloads\target\classes;E:\maven\repository\com\alibaba\druid\1.1.22\druid-1.1.22.jar;E:\maven\repository\com\alibaba\fastjson\1.2.62\fastjson-1.2.62.jar;E:\maven\repository\mysql\mysql-connector-java\8.0.21\mysql-connector-java-8.0.21.jar;E:\maven\repository\org\slf4j\slf4j-api\1.7.30\slf4j-api-1.7.30.jar;E:\maven\repository\org\quartz-scheduler\quartz\2.3.2\quartz-2.3.2.jar;E:\maven\repository\com\mchange\mchange-commons-java\0.2.15\mchange-commons-java-0.2.15.jar;E:\maven\repository\com\baomidou\mybatis-plus-boot-starter\3.1.2\mybatis-plus-boot-starter-3.1.2.jar;E:\maven\repository\com\baomidou\mybatis-plus\3.1.2\mybatis-plus-3.1.2.jar;E:\maven\repository\org\springframework\boot\spring-boot-starter-jdbc\2.3.3.RELEASE\spring-boot-starter-jdbc-2.3.3.RELEASE.jar;E:\maven\repository\com\zaxxer\HikariCP\3.4.5\HikariCP-3.4.5.jar;E:\maven\repository\org\springframework\spring-jdbc\5.2.8.RELEASE\spring-jdbc-5.2.8.RELEASE.jar;E:\maven\repository\org\springframework\spring-tx\5.2.8.RELEASE\spring-tx-5.2.8.RELEASE.jar;E:\maven\repository\org\projectlombok\lombok\1.18.12\lombok-1.18.12.jar;E:\maven\repository\com\baomidou\mybatis-plus-generator\3.1.2\mybatis-plus-generator-3.1.2.jar;E:\maven\repository\com\baomidou\mybatis-plus-extension\3.1.2\mybatis-plus-extension-3.1.2.jar;E:\maven\repository\com\baomidou\mybatis-plus-core\3.1.2\mybatis-plus-core-3.1.2.jar;E:\maven\repository\com\baomidou\mybatis-plus-annotation\3.1.2\mybatis-plus-annotation-3.1.2.jar;E:\maven\repository\com\github\jsqlparser\jsqlparser\1.2\jsqlparser-1.2.jar;E:\maven\repository\org\mybatis\mybatis\3.5.1\mybatis-3.5.1.jar;E:\maven\repository\org\mybatis\mybatis-spring\2.0.1\mybatis-spring-2.0.1.jar;E:\maven\repository\org\freemarker\freemarker\2.3.30\freemarker-2.3.30.jar;E:\maven\repository\org\webjars\jquery\3.5.1\jquery-3.5.1.jar;E:\maven\repository\org\springframework\boot\spring-boot-starter-thymeleaf\2.3.3.RELEASE\spring-boot-starter-thymeleaf-2.3.3.RELEASE.jar;E:\maven\repository\org\springframework\boot\spring-boot-starter\2.3.3.RELEASE\spring-boot-starter-2.3.3.RELEASE.jar;E:\maven\repository\org\springframework\boot\spring-boot-starter-logging\2.3.3.RELEASE\spring-boot-starter-logging-2.3.3.RELEASE.jar;E:\maven\repository\ch\qos\logback\logback-classic\1.2.3\logback-classic-1.2.3.jar;E:\maven\repository\ch\qos\logback\logback-core\1.2.3\logback-core-1.2.3.jar;E:\maven\repository\org\apache\logging\log4j\log4j-to-slf4j\2.13.3\log4j-to-slf4j-2.13.3.jar;E:\maven\repository\org\apache\logging\log4j\log4j-api\2.13.3\log4j-api-2.13.3.jar;E:\maven\repository\org\slf4j\jul-to-slf4j\1.7.30\jul-to-slf4j-1.7.30.jar;E:\maven\repository\jakarta\annotation\jakarta.annotation-api\1.3.5\jakarta.annotation-api-1.3.5.jar;E:\maven\repository\org\yaml\snakeyaml\1.26\snakeyaml-1.26.jar;E:\maven\repository\org\thymeleaf\thymeleaf-spring5\3.0.11.RELEASE\thymeleaf-spring5-3.0.11.RELEASE.jar;E:\maven\repository\org\thymeleaf\thymeleaf\3.0.11.RELEASE\thymeleaf-3.0.11.RELEASE.jar;E:\maven\repository\org\attoparser\attoparser\2.0.5.RELEASE\attoparser-2.0.5.RELEASE.jar;E:\maven\repository\org\unbescape\unbescape\1.1.6.RELEASE\unbescape-1.1.6.RELEASE.jar;E:\maven\repository\org\thymeleaf\extras\thymeleaf-extras-java8time\3.0.4.RELEASE\thymeleaf-extras-java8time-3.0.4.RELEASE.jar;E:\maven\repository\org\apache\shiro\shiro-core\1.3.2\shiro-core-1.3.2.jar;E:\maven\repository\commons-beanutils\commons-beanutils\1.8.3\commons-beanutils-1.8.3.jar;E:\maven\repository\org\apache\shiro\shiro-spring\1.3.2\shiro-spring-1.3.2.jar;E:\maven\repository\org\apache\shiro\shiro-web\1.3.2\shiro-web-1.3.2.jar;E:\maven\repository\org\crazycake\shiro-redis\3.2.3\shiro-redis-3.2.3.jar;E:\maven\repository\redis\clients\jedis\3.3.0\jedis-3.3.0.jar;E:\maven\repository\org\apache\commons\commons-pool2\2.8.1\commons-pool2-2.8.1.jar;E:\maven\repository\io\springfox\springfox-swagger2\2.9.2\springfox-swagger2-2.9.2.jar;E:\maven\repository\io\swagger\swagger-annotations\1.5.20\swagger-annotations-1.5.20.jar;E:\maven\repository\io\swagger\swagger-models\1.5.20\swagger-models-1.5.20.jar;E:\maven\repository\com\fasterxml\jackson\core\jackson-annotations\2.11.2\jackson-annotations-2.11.2.jar;E:\maven\repository\io\springfox\springfox-spi\2.9.2\springfox-spi-2.9.2.jar;E:\maven\repository\io\springfox\springfox-core\2.9.2\springfox-core-2.9.2.jar;E:\maven\repository\io\springfox\springfox-schema\2.9.2\springfox-schema-2.9.2.jar;E:\maven\repository\io\springfox\springfox-swagger-common\2.9.2\springfox-swagger-common-2.9.2.jar;E:\maven\repository\io\springfox\springfox-spring-web\2.9.2\springfox-spring-web-2.9.2.jar;E:\maven\repository\com\google\guava\guava\20.0\guava-20.0.jar;E:\maven\repository\com\fasterxml\classmate\1.5.1\classmate-1.5.1.jar;E:\maven\repository\org\springframework\plugin\spring-plugin-core\1.2.0.RELEASE\spring-plugin-core-1.2.0.RELEASE.jar;E:\maven\repository\org\springframework\spring-beans\5.2.8.RELEASE\spring-beans-5.2.8.RELEASE.jar;E:\maven\repository\org\springframework\spring-context\5.2.8.RELEASE\spring-context-5.2.8.RELEASE.jar;E:\maven\repository\org\springframework\spring-aop\5.2.8.RELEASE\spring-aop-5.2.8.RELEASE.jar;E:\maven\repository\org\springframework\plugin\spring-plugin-metadata\1.2.0.RELEASE\spring-plugin-metadata-1.2.0.RELEASE.jar;E:\maven\repository\org\mapstruct\mapstruct\1.2.0.Final\mapstruct-1.2.0.Final.jar;E:\maven\repository\io\springfox\springfox-swagger-ui\2.9.2\springfox-swagger-ui-2.9.2.jar;E:\maven\repository\org\springframework\boot\spring-boot-starter-web\2.3.3.RELEASE\spring-boot-starter-web-2.3.3.RELEASE.jar;E:\maven\repository\org\springframework\boot\spring-boot-starter-json\2.3.3.RELEASE\spring-boot-starter-json-2.3.3.RELEASE.jar;E:\maven\repository\com\fasterxml\jackson\core\jackson-databind\2.11.2\jackson-databind-2.11.2.jar;E:\maven\repository\com\fasterxml\jackson\core\jackson-core\2.11.2\jackson-core-2.11.2.jar;E:\maven\repository\com\fasterxml\jackson\datatype\jackson-datatype-jdk8\2.11.2\jackson-datatype-jdk8-2.11.2.jar;E:\maven\repository\com\fasterxml\jackson\datatype\jackson-datatype-jsr310\2.11.2\jackson-datatype-jsr310-2.11.2.jar;E:\maven\repository\com\fasterxml\jackson\module\jackson-module-parameter-names\2.11.2\jackson-module-parameter-names-2.11.2.jar;E:\maven\repository\org\springframework\boot\spring-boot-starter-tomcat\2.3.3.RELEASE\spring-boot-starter-tomcat-2.3.3.RELEASE.jar;E:\maven\repository\org\apache\tomcat\embed\tomcat-embed-core\9.0.37\tomcat-embed-core-9.0.37.jar;E:\maven\repository\org\glassfish\jakarta.el\3.0.3\jakarta.el-3.0.3.jar;E:\maven\repository\org\apache\tomcat\embed\tomcat-embed-websocket\9.0.37\tomcat-embed-websocket-9.0.37.jar;E:\maven\repository\org\springframework\spring-web\5.2.8.RELEASE\spring-web-5.2.8.RELEASE.jar;E:\maven\repository\org\springframework\spring-webmvc\5.2.8.RELEASE\spring-webmvc-5.2.8.RELEASE.jar;E:\maven\repository\org\springframework\spring-expression\5.2.8.RELEASE\spring-expression-5.2.8.RELEASE.jar;E:\maven\repository\org\springframework\boot\spring-boot-starter-test\2.3.3.RELEASE\spring-boot-starter-test-2.3.3.RELEASE.jar;E:\maven\repository\org\springframework\boot\spring-boot-test\2.3.3.RELEASE\spring-boot-test-2.3.3.RELEASE.jar;E:\maven\repository\org\springframework\boot\spring-boot-test-autoconfigure\2.3.3.RELEASE\spring-boot-test-autoconfigure-2.3.3.RELEASE.jar;E:\maven\repository\com\jayway\jsonpath\json-path\2.4.0\json-path-2.4.0.jar;E:\maven\repository\net\minidev\json-smart\2.3\json-smart-2.3.jar;E:\maven\repository\net\minidev\accessors-smart\1.2\accessors-smart-1.2.jar;E:\maven\repository\org\ow2\asm\asm\5.0.4\asm-5.0.4.jar;E:\maven\repository\jakarta\xml\bind\jakarta.xml.bind-api\2.3.3\jakarta.xml.bind-api-2.3.3.jar;E:\maven\repository\jakarta\activation\jakarta.activation-api\1.2.2\jakarta.activation-api-1.2.2.jar;E:\maven\repository\org\assertj\assertj-core\3.16.1\assertj-core-3.16.1.jar;E:\maven\repository\org\hamcrest\hamcrest\2.2\hamcrest-2.2.jar;E:\maven\repository\org\junit\jupiter\junit-jupiter\5.6.2\junit-jupiter-5.6.2.jar;E:\maven\repository\org\junit\jupiter\junit-jupiter-api\5.6.2\junit-jupiter-api-5.6.2.jar;E:\maven\repository\org\apiguardian\apiguardian-api\1.1.0\apiguardian-api-1.1.0.jar;E:\maven\repository\org\opentest4j\opentest4j\1.2.0\opentest4j-1.2.0.jar;E:\maven\repository\org\junit\platform\junit-platform-commons\1.6.2\junit-platform-commons-1.6.2.jar;E:\maven\repository\org\junit\jupiter\junit-jupiter-params\5.6.2\junit-jupiter-params-5.6.2.jar;E:\maven\repository\org\junit\jupiter\junit-jupiter-engine\5.6.2\junit-jupiter-engine-5.6.2.jar;E:\maven\repository\org\junit\platform\junit-platform-engine\1.6.2\junit-platform-engine-1.6.2.jar;E:\maven\repository\org\mockito\mockito-core\3.3.3\mockito-core-3.3.3.jar;E:\maven\repository\net\bytebuddy\byte-buddy\1.10.14\byte-buddy-1.10.14.jar;E:\maven\repository\net\bytebuddy\byte-buddy-agent\1.10.14\byte-buddy-agent-1.10.14.jar;E:\maven\repository\org\objenesis\objenesis\2.6\objenesis-2.6.jar;E:\maven\repository\org\mockito\mockito-junit-jupiter\3.3.3\mockito-junit-jupiter-3.3.3.jar;E:\maven\repository\org\skyscreamer\jsonassert\1.5.0\jsonassert-1.5.0.jar;E:\maven\repository\com\vaadin\external\google\android-json\0.0.20131108.vaadin1\android-json-0.0.20131108.vaadin1.jar;E:\maven\repository\org\springframework\spring-core\5.2.8.RELEASE\spring-core-5.2.8.RELEASE.jar;E:\maven\repository\org\springframework\spring-jcl\5.2.8.RELEASE\spring-jcl-5.2.8.RELEASE.jar;E:\maven\repository\org\springframework\spring-test\5.2.8.RELEASE\spring-test-5.2.8.RELEASE.jar;E:\maven\repository\org\xmlunit\xmlunit-core\2.7.0\xmlunit-core-2.7.0.jar;E:\maven\repository\org\aspectj\aspectjweaver\1.9.5\aspectjweaver-1.9.5.jar;E:\maven\repository\org\springframework\boot\spring-boot-autoconfigure\2.3.1.RELEASE\spring-boot-autoconfigure-2.3.1.RELEASE.jar;E:\maven\repository\org\springframework\boot\spring-boot\2.3.3.RELEASE\spring-boot-2.3.3.RELEASE.jar;E:\maven\repository\io\lettuce\lettuce-core\5.3.3.RELEASE\lettuce-core-5.3.3.RELEASE.jar;E:\maven\repository\io\netty\netty-common\4.1.51.Final\netty-common-4.1.51.Final.jar;E:\maven\repository\io\netty\netty-handler\4.1.51.Final\netty-handler-4.1.51.Final.jar;E:\maven\repository\io\netty\netty-resolver\4.1.51.Final\netty-resolver-4.1.51.Final.jar;E:\maven\repository\io\netty\netty-buffer\4.1.51.Final\netty-buffer-4.1.51.Final.jar;E:\maven\repository\io\netty\netty-codec\4.1.51.Final\netty-codec-4.1.51.Final.jar;E:\maven\repository\io\netty\netty-transport\4.1.51.Final\netty-transport-4.1.51.Final.jar;E:\maven\repository\io\projectreactor\reactor-core\3.3.9.RELEASE\reactor-core-3.3.9.RELEASE.jar;E:\maven\repository\org\reactivestreams\reactive-streams\1.0.3\reactive-streams-1.0.3.jar;"/>
    <property name="sun.cpu.endian" value="little"/>
    <property name="user.home" value="C:\Users\HP"/>
    <property name="user.language" value="zh"/>
    <property name="java.specification.vendor" value="Oracle Corporation"/>
    <property name="java.home" value="E:\JAVA\jdk1.8\a\jre"/>
    <property name="basedir" value="C:\Users\HP\Desktop\reloads"/>
    <property name="file.separator" value="\"/>
    <property name="line.separator" value="&#10;"/>
    <property name="java.vm.specification.vendor" value="Oracle Corporation"/>
    <property name="java.specification.name" value="Java Platform API Specification"/>
    <property name="java.awt.graphicsenv" value="sun.awt.Win32GraphicsEnvironment"/>
    <property name="surefire.real.class.path" value="C:\Users\HP\AppData\Local\Temp\surefire376254043956520946\surefirebooter9060227428102698223.jar"/>
    <property name="sun.boot.class.path" value="E:\JAVA\jdk1.8\a\jre\lib\resources.jar;E:\JAVA\jdk1.8\a\jre\lib\rt.jar;E:\JAVA\jdk1.8\a\jre\lib\sunrsasign.jar;E:\JAVA\jdk1.8\a\jre\lib\jsse.jar;E:\JAVA\jdk1.8\a\jre\lib\jce.jar;E:\JAVA\jdk1.8\a\jre\lib\charsets.jar;E:\JAVA\jdk1.8\a\jre\lib\jfr.jar;E:\JAVA\jdk1.8\a\jre\classes"/>
    <property name="user.script" value=""/>
    <property name="sun.management.compiler" value="HotSpot 64-Bit Tiered Compilers"/>
    <property name="java.runtime.version" value="1.8.0_131-b11"/>
    <property name="user.name" value="HP"/>
    <property name="path.separator" value=";"/>
    <property name="os.version" value="10.0"/>
    <property name="java.endorsed.dirs" value="E:\JAVA\jdk1.8\a\jre\lib\endorsed"/>
    <property name="java.runtime.name" value="Java(TM) SE Runtime Environment"/>
    <property name="file.encoding" value="GBK"/>
    <property name="java.vm.name" value="Java HotSpot(TM) 64-Bit Server VM"/>
    <property name="localRepository" value="E:\maven\repository"/>
    <property name="java.vendor.url.bug" value="http://bugreport.sun.com/bugreport/"/>
    <property name="java.io.tmpdir" value="C:\Users\HP\AppData\Local\Temp\"/>
    <property name="idea.version" value="2018.3.2"/>
    <property name="java.version" value="1.8.0_131"/>
    <property name="user.dir" value="C:\Users\HP\Desktop\reloads"/>
    <property name="os.arch" value="amd64"/>
    <property name="java.vm.specification.name" value="Java Virtual Machine Specification"/>
    <property name="java.awt.printerjob" value="sun.awt.windows.WPrinterJob"/>
    <property name="sun.os.patch.level" value=""/>
    <property name="java.library.path" value="E:\JAVA\jdk1.8\a\jre\bin;C:\Windows\Sun\Java\bin;C:\Windows\system32;C:\Windows;C:\Python37\Scripts\;C:\Python37\;C:\Program Files (x86)\Common Files\Intel\Shared Libraries\redist\intel64\compiler;C:\ProgramData\Oracle\Java\javapath;C:\Windows\system32;C:\Windows;C:\Windows\System32\Wbem;C:\Windows\System32\WindowsPowerShell\v1.0\;C:\Windows\System32\OpenSSH\;C:\Users\HP\.dnx\bin;C:\Program Files\Microsoft DNX\Dnvm\;C:\Program Files\Microsoft SQL Server\120\Tools\Binn\;C:\Program Files\Microsoft SQL Server\130\Tools\Binn\;E:\VSCODE\Microsoft VS Code\bin;E:\JAVA\jdk1.8\jdk1.8\bin;E:\tomcat\apache-tomcat-8.5.50\lib;E:\tomcat\apache-tomcat-8.5.50\bin;E:\JAVA\jdk1.8\jdk1.8\jre\bin;E:\SVN\TORTOISEsvn\bin;C:\ProgramData\chocolatey\bin;C:\Program Files\dotnet\;c:\Program Files (x86)\Microsoft SQL Server\100\Tools\Binn\;c:\Program Files\Microsoft SQL Server\100\Tools\Binn\;c:\Program Files\Microsoft SQL Server\100\DTS\Binn\;E:\Develop\nodejs\;C:\Program Files (x86)\NVIDIA Corporation\PhysX\Common;C:\Program Files\NVIDIA Corporation\NVIDIA NvDLISR;E:\zhaoge\zgdll32;E:\zhaoge\zgdll64;C:\Program Files\Git\cmd;E:\mysql\mysql-5.7.28-winx64\bin;E:\Develop\nodejs\node_global;C:\Python37\Scripts\;C:\Python37\;C:\Program Files\MySQL\MySQL Shell 8.0\bin\;C:\Users\HP\AppData\Local\Microsoft\WindowsApps;C:\IDEAR\IntelliJ IDEA 2018.3.2\bin;C:\Program Files\Bandizip\;C:\Users\HP\AppData\Local\GitHubDesktop\bin;E:\redis;;."/>
    <property name="java.vm.info" value="mixed mode"/>
    <property name="java.vendor" value="Oracle Corporation"/>
    <property name="java.vm.version" value="25.131-b11"/>
    <property name="java.ext.dirs" value="E:\JAVA\jdk1.8\a\jre\lib\ext;C:\Windows\Sun\Java\lib\ext"/>
    <property name="sun.io.unicode.encoding" value="UnicodeLittle"/>
    <property name="java.class.version" value="52.0"/>
  </properties>
  <testcase name="contextLoads" classname="com.moonmagician.reloads.ReloadsApplicationTests" time="0.304"/>
  <testcase name="viewTest" classname="com.moonmagician.reloads.ReloadsApplicationTests" time="0.183"/>
</testsuite>